[debug] [2020-09-11T16:09:10.892Z] ----------------------------------------------------------------------
[debug] [2020-09-11T16:09:10.894Z] Command:       /usr/local/bin/node /usr/local/bin/firebase deploy
[debug] [2020-09-11T16:09:10.894Z] CLI Version:   6.3.0
[debug] [2020-09-11T16:09:10.894Z] Platform:      darwin
[debug] [2020-09-11T16:09:10.894Z] Node Version:  v10.15.0
[debug] [2020-09-11T16:09:10.895Z] Time:          Fri Sep 11 2020 23:09:10 GMT+0700 (Western Indonesia Time)
[debug] [2020-09-11T16:09:10.895Z] ----------------------------------------------------------------------
[debug] 
[debug] [2020-09-11T16:09:10.906Z] > command requires scopes: ["email","openid","https://www.googleapis.com/auth/cloudplatformprojects.readonly","https://www.googleapis.com/auth/firebase","https://www.googleapis.com/auth/cloud-platform"]
[debug] [2020-09-11T16:09:10.906Z] > authorizing via signed-in user
[debug] [2020-09-11T16:09:10.906Z] [iam] checking project iss-app-7eb63 for permissions ["firebase.projects.get","firebasehosting.sites.update"]
[debug] [2020-09-11T16:09:10.908Z] >>> HTTP REQUEST POST https://cloudresourcemanager.googleapis.com/v1/projects/iss-app-7eb63:testIamPermissions  

[debug] [2020-09-11T16:09:12.231Z] <<< HTTP RESPONSE 200
[debug] [2020-09-11T16:09:12.233Z] >>> HTTP REQUEST GET https://firebase.googleapis.com/v1beta1/projects/iss-app-7eb63  
 
[debug] [2020-09-11T16:09:12.844Z] <<< HTTP RESPONSE 200
[info] 
[info] === Deploying to 'iss-app-7eb63'...
[info] 
[info] i  deploying hosting
[debug] [2020-09-11T16:09:12.848Z] >>> HTTP REQUEST POST https://firebasehosting.googleapis.com/v1beta1/sites/iss-app-7eb63/versions  

[debug] [2020-09-11T16:09:14.586Z] <<< HTTP RESPONSE 200
[info] i  hosting[iss-app-7eb63]: beginning deploy...
[info] i  hosting[iss-app-7eb63]: found 24 files in build
[debug] [2020-09-11T16:09:14.607Z] [hosting] hash cache [YnVpbGQ] load error: lines is not defined
[debug] [2020-09-11T16:09:14.978Z] [hosting] hash cache [YnVpbGQ] stored for 24 files
[debug] [2020-09-11T16:09:14.978Z] [hosting][hash queue][FINAL]
[debug] [2020-09-11T16:09:14.978Z] >>> HTTP REQUEST POST https://firebasehosting.googleapis.com/v1beta1/sites/iss-app-7eb63/versions/cae90542dbc7d92e:populateFiles  
 <request body omitted>
[debug] [2020-09-11T16:09:16.574Z] <<< HTTP RESPONSE 200
[debug] [2020-09-11T16:09:16.581Z] [hosting][populate queue][FINAL]
[debug] [2020-09-11T16:09:16.581Z] [hosting] uploads queued: 10
